<?xml version="1.0" encoding="UTF-8"?>
<!-- Generated by org.testng.reporters.JUnitXMLReporter -->
<testsuite ignored="0" hostname="apoorv" failures="1" tests="1" name="Login test" time="0.434" errors="0" timestamp="28 Jun 2022 14:04:07 GMT">
  <testcase classname="com.apoorv.testcases.BankManagerLoginTest" name="loginAsBankManager" time="0.149">
    <failure type="java.lang.IllegalArgumentException" message="Cannot find elements when the selector is null">
      <![CDATA[java.lang.IllegalArgumentException: Cannot find elements when the selector is null
at org.openqa.selenium.By$ByCssSelector.<init>(By.java:422)
at org.openqa.selenium.By.cssSelector(By.java:116)
at com.apoorv.testcases.BankManagerLoginTest.loginAsBankManager(BankManagerLoginTest.java:16)
... Removed 25 stack frames]]>
    </failure>
  </testcase> <!-- loginAsBankManager -->
</testsuite> <!-- Login test -->
